<?xml version="1.0" encoding="UTF-8"?>
<!-- Generated by org.testng.reporters.JUnitReportReporter -->
<testsuite hostname="DESKTOP-9PA8N0S" failures="0" tests="1" name="tests.BaseClass" time="59.601" errors="0" timestamp="2021-04-22T08:37:03 IST" skipped="0">
  <testcase classname="tests.BaseClass" name="sampleTest" time="59.601"/>
  <system-out/>
</testsuite> <!-- tests.BaseClass -->
